1618445738662	geckodriver	INFO	Listening on 127.0.0.1:56024
1618445739668	mozrunner::runner	INFO	Running command: "/Applications/Firefox.app/Contents/MacOS/firefox-bin" "--marionette" "-headless" "-foreground" "-no-remote" "-profile" "/var/folders/2n/fcpjb5192pggds1xn7bv9qbm0000gn/T/rust_mozprofileai2MAf"
*** You are running in headless mode.
console.warn: SearchSettings: "get: No settings file exists, new profile?" (new Error("", "(unknown module)"))
1618445741907	Marionette	INFO	Listening on port 56031
1618445741982	Marionette	WARN	TLS certificate errors will be ignored for this session
1618445764466	Marionette	INFO	Stopped listening on port 56031

###!!! [Parent][RunMessage] Error: Channel closing: too late to send/recv, messages will be lost

1618445765571	geckodriver	INFO	Listening on 127.0.0.1:56185
1618445766582	mozrunner::runner	INFO	Running command: "/Applications/Firefox.app/Contents/MacOS/firefox-bin" "--marionette" "-headless" "-foreground" "-no-remote" "-profile" "/var/folders/2n/fcpjb5192pggds1xn7bv9qbm0000gn/T/rust_mozprofileXkT0Zk"
*** You are running in headless mode.
console.warn: SearchSettings: "get: No settings file exists, new profile?" (new Error("", "(unknown module)"))
1618445768722	Marionette	INFO	Listening on port 56192
1618445768772	Marionette	WARN	TLS certificate errors will be ignored for this session
1618445792011	Marionette	INFO	Stopped listening on port 56192
1618445793308	geckodriver	INFO	Listening on 127.0.0.1:56346
1618445794323	mozrunner::runner	INFO	Running command: "/Applications/Firefox.app/Contents/MacOS/firefox-bin" "--marionette" "-headless" "-foreground" "-no-remote" "-profile" "/var/folders/2n/fcpjb5192pggds1xn7bv9qbm0000gn/T/rust_mozprofilefjbXSI"
*** You are running in headless mode.
console.warn: SearchSettings: "get: No settings file exists, new profile?" (new Error("", "(unknown module)"))
1618445796582	Marionette	INFO	Listening on port 56354
1618445796632	Marionette	WARN	TLS certificate errors will be ignored for this session
[GFX1-]: Receive IPC close with reason=AbnormalShutdown
Exiting due to channel error.
[GFX1-]: Receive IPC close with reason=AbnormalShutdown
Exiting due to channel error.
[GFX1-]: Receive IPC close with reason=AbnormalShutdown
Exiting due to channel error.
1618445814303	geckodriver	INFO	Listening on 127.0.0.1:56438
1618445815319	mozrunner::runner	INFO	Running command: "/Applications/Firefox.app/Contents/MacOS/firefox-bin" "--marionette" "-headless" "-foreground" "-no-remote" "-profile" "/var/folders/2n/fcpjb5192pggds1xn7bv9qbm0000gn/T/rust_mozprofile32qSt4"
*** You are running in headless mode.
console.warn: SearchSettings: "get: No settings file exists, new profile?" (new Error("", "(unknown module)"))
1618445817320	Marionette	INFO	Listening on port 56445
1618445817413	Marionette	WARN	TLS certificate errors will be ignored for this session
1618445842093	Marionette	INFO	Stopped listening on port 56445
1618445843479	geckodriver	INFO	Listening on 127.0.0.1:56600
1618445844491	mozrunner::runner	INFO	Running command: "/Applications/Firefox.app/Contents/MacOS/firefox-bin" "--marionette" "-headless" "-foreground" "-no-remote" "-profile" "/var/folders/2n/fcpjb5192pggds1xn7bv9qbm0000gn/T/rust_mozprofileyBHM6F"
*** You are running in headless mode.
console.warn: SearchSettings: "get: No settings file exists, new profile?" (new Error("", "(unknown module)"))
1618445846465	Marionette	INFO	Listening on port 56607
1618445846486	Marionette	WARN	TLS certificate errors will be ignored for this session
1618445877151	Marionette	INFO	Stopped listening on port 56607
1618445878275	geckodriver	INFO	Listening on 127.0.0.1:56761
1618445879285	mozrunner::runner	INFO	Running command: "/Applications/Firefox.app/Contents/MacOS/firefox-bin" "--marionette" "-headless" "-foreground" "-no-remote" "-profile" "/var/folders/2n/fcpjb5192pggds1xn7bv9qbm0000gn/T/rust_mozprofileht7Q46"
*** You are running in headless mode.
console.warn: SearchSettings: "get: No settings file exists, new profile?" (new Error("", "(unknown module)"))
1618445881263	Marionette	INFO	Listening on port 56768
1618445881371	Marionette	WARN	TLS certificate errors will be ignored for this session
1618445910562	Marionette	INFO	Stopped listening on port 56768

###!!! [Child][MessageChannel] Error: (msgtype=0x5C0004,name=PHttpChannel::Msg_Cancel) Channel closing: too late to send/recv, messages will be lost


###!!! [Child][MessageChannel] Error: (msgtype=0x5C0009,name=PHttpChannel::Msg_DeletingChannel) Channel closing: too late to send/recv, messages will be lost

1618445911903	geckodriver	INFO	Listening on 127.0.0.1:56934
1618445912915	mozrunner::runner	INFO	Running command: "/Applications/Firefox.app/Contents/MacOS/firefox-bin" "--marionette" "-headless" "-foreground" "-no-remote" "-profile" "/var/folders/2n/fcpjb5192pggds1xn7bv9qbm0000gn/T/rust_mozprofileuOYt0z"
*** You are running in headless mode.
console.warn: SearchSettings: "get: No settings file exists, new profile?" (new Error("", "(unknown module)"))
1618445915191	Marionette	INFO	Listening on port 56942
1618445915220	Marionette	WARN	TLS certificate errors will be ignored for this session
1618445939726	Marionette	INFO	Stopped listening on port 56942

###!!! [Child][MessageChannel] Error: (msgtype=0x5C0004,name=PHttpChannel::Msg_Cancel) Channel closing: too late to send/recv, messages will be lost


###!!! [Child][MessageChannel] Error: (msgtype=0x5C0009,name=PHttpChannel::Msg_DeletingChannel) Channel closing: too late to send/recv, messages will be lost

1618445940784	geckodriver	INFO	Listening on 127.0.0.1:57102
1618445941795	mozrunner::runner	INFO	Running command: "/Applications/Firefox.app/Contents/MacOS/firefox-bin" "--marionette" "-headless" "-foreground" "-no-remote" "-profile" "/var/folders/2n/fcpjb5192pggds1xn7bv9qbm0000gn/T/rust_mozprofilePZAKBa"
*** You are running in headless mode.
console.warn: SearchSettings: "get: No settings file exists, new profile?" (new Error("", "(unknown module)"))
1618445943827	Marionette	INFO	Listening on port 57109
1618445943899	Marionette	WARN	TLS certificate errors will be ignored for this session
[GFX1-]: Receive IPC close with reason=AbnormalShutdown
Exiting due to channel error.
[GFX1-]: Receive IPC close with reason=AbnormalShutdown
[GFX1-]: Receive IPC close with reason=AbnormalShutdown
Exiting due to channel error.
Exiting due to channel error.
1618445948763	geckodriver	INFO	Listening on 127.0.0.1:57193
1618445949779	mozrunner::runner	INFO	Running command: "/Applications/Firefox.app/Contents/MacOS/firefox-bin" "--marionette" "-headless" "-foreground" "-no-remote" "-profile" "/var/folders/2n/fcpjb5192pggds1xn7bv9qbm0000gn/T/rust_mozprofile0GzfII"
*** You are running in headless mode.
console.warn: SearchSettings: "get: No settings file exists, new profile?" (new Error("", "(unknown module)"))
1618445951827	Marionette	INFO	Listening on port 57200
1618445951879	Marionette	WARN	TLS certificate errors will be ignored for this session
console.error: Region.jsm: "Error fetching region" (new Error("TIMEOUT", "resource://gre/modules/Region.jsm", 772))
console.error: Region.jsm: "Failed to fetch region" (new Error("TIMEOUT", "resource://gre/modules/Region.jsm", 419))
1618445996890	Marionette	INFO	Stopped listening on port 57200

###!!! [Child][RunMessage] Error: Channel closing: too late to send/recv, messages will be lost

1618445997970	geckodriver	INFO	Listening on 127.0.0.1:57357
1618445998984	mozrunner::runner	INFO	Running command: "/Applications/Firefox.app/Contents/MacOS/firefox-bin" "--marionette" "-headless" "-foreground" "-no-remote" "-profile" "/var/folders/2n/fcpjb5192pggds1xn7bv9qbm0000gn/T/rust_mozprofile5Tsesm"
*** You are running in headless mode.
console.warn: SearchSettings: "get: No settings file exists, new profile?" (new Error("", "(unknown module)"))
1618446001127	Marionette	INFO	Listening on port 57364
1618446001183	Marionette	WARN	TLS certificate errors will be ignored for this session
[GFX1-]: Receive IPC close with reason=AbnormalShutdown
Exiting due to channel error.
[GFX1-]: Receive IPC close with reason=AbnormalShutdown
[GFX1-]: Receive IPC close with reason=AbnormalShutdown
Exiting due to channel error.
Exiting due to channel error.
1618446223076	geckodriver	INFO	Listening on 127.0.0.1:57497
1618446224090	mozrunner::runner	INFO	Running command: "/Applications/Firefox.app/Contents/MacOS/firefox-bin" "--marionette" "-headless" "-foreground" "-no-remote" "-profile" "/var/folders/2n/fcpjb5192pggds1xn7bv9qbm0000gn/T/rust_mozprofiledHXK62"
*** You are running in headless mode.
console.warn: SearchSettings: "get: No settings file exists, new profile?" (new Error("", "(unknown module)"))
1618446226240	Marionette	INFO	Listening on port 57504
1618446226290	Marionette	WARN	TLS certificate errors will be ignored for this session
1618446251221	Marionette	INFO	Stopped listening on port 57504
1618446252247	geckodriver	INFO	Listening on 127.0.0.1:57661
1618446253257	mozrunner::runner	INFO	Running command: "/Applications/Firefox.app/Contents/MacOS/firefox-bin" "--marionette" "-headless" "-foreground" "-no-remote" "-profile" "/var/folders/2n/fcpjb5192pggds1xn7bv9qbm0000gn/T/rust_mozprofileK1q3zt"
*** You are running in headless mode.
console.warn: SearchSettings: "get: No settings file exists, new profile?" (new Error("", "(unknown module)"))
1618446255297	Marionette	INFO	Listening on port 57668
1618446255371	Marionette	WARN	TLS certificate errors will be ignored for this session
1618446278575	Marionette	INFO	Stopped listening on port 57668
1618446279613	geckodriver	INFO	Listening on 127.0.0.1:57831
1618446280627	mozrunner::runner	INFO	Running command: "/Applications/Firefox.app/Contents/MacOS/firefox-bin" "--marionette" "-headless" "-foreground" "-no-remote" "-profile" "/var/folders/2n/fcpjb5192pggds1xn7bv9qbm0000gn/T/rust_mozprofilefAbCZs"
*** You are running in headless mode.
console.warn: SearchSettings: "get: No settings file exists, new profile?" (new Error("", "(unknown module)"))
1618446282610	Marionette	INFO	Listening on port 57838
1618446282726	Marionette	WARN	TLS certificate errors will be ignored for this session
1618446307232	Marionette	INFO	Stopped listening on port 57838
1618446308408	geckodriver	INFO	Listening on 127.0.0.1:58002
1618446309423	mozrunner::runner	INFO	Running command: "/Applications/Firefox.app/Contents/MacOS/firefox-bin" "--marionette" "-headless" "-foreground" "-no-remote" "-profile" "/var/folders/2n/fcpjb5192pggds1xn7bv9qbm0000gn/T/rust_mozprofileTeHehf"
*** You are running in headless mode.
console.warn: SearchSettings: "get: No settings file exists, new profile?" (new Error("", "(unknown module)"))
1618446311504	Marionette	INFO	Listening on port 58010
1618446311616	Marionette	WARN	TLS certificate errors will be ignored for this session
1618446334278	Marionette	INFO	Stopped listening on port 58010
1618446335381	geckodriver	INFO	Listening on 127.0.0.1:58167
1618446336395	mozrunner::runner	INFO	Running command: "/Applications/Firefox.app/Contents/MacOS/firefox-bin" "--marionette" "-headless" "-foreground" "-no-remote" "-profile" "/var/folders/2n/fcpjb5192pggds1xn7bv9qbm0000gn/T/rust_mozprofilemsdcJw"
*** You are running in headless mode.
console.warn: SearchSettings: "get: No settings file exists, new profile?" (new Error("", "(unknown module)"))
1618446338397	Marionette	INFO	Listening on port 58174
1618446338486	Marionette	WARN	TLS certificate errors will be ignored for this session
1618446363168	Marionette	INFO	Stopped listening on port 58174
1618446364450	geckodriver	INFO	Listening on 127.0.0.1:58339
1618446365463	mozrunner::runner	INFO	Running command: "/Applications/Firefox.app/Contents/MacOS/firefox-bin" "--marionette" "-headless" "-foreground" "-no-remote" "-profile" "/var/folders/2n/fcpjb5192pggds1xn7bv9qbm0000gn/T/rust_mozprofileiBIYxp"
*** You are running in headless mode.
console.warn: SearchSettings: "get: No settings file exists, new profile?" (new Error("", "(unknown module)"))
1618446367663	Marionette	INFO	Listening on port 58346
1618446367778	Marionette	WARN	TLS certificate errors will be ignored for this session
1618446391635	Marionette	INFO	Stopped listening on port 58346

###!!! [Child][MessageChannel] Error: (msgtype=0x5C0004,name=PHttpChannel::Msg_Cancel) Channel closing: too late to send/recv, messages will be lost


###!!! [Child][MessageChannel] Error: (msgtype=0x5C0009,name=PHttpChannel::Msg_DeletingChannel) Channel closing: too late to send/recv, messages will be lost

1618446408667	geckodriver	INFO	Listening on 127.0.0.1:58522
1618446409683	mozrunner::runner	INFO	Running command: "/Applications/Firefox.app/Contents/MacOS/firefox-bin" "--marionette" "-headless" "-foreground" "-no-remote" "-profile" "/var/folders/2n/fcpjb5192pggds1xn7bv9qbm0000gn/T/rust_mozprofileNXljDy"
*** You are running in headless mode.
console.warn: SearchSettings: "get: No settings file exists, new profile?" (new Error("", "(unknown module)"))
1618446411896	Marionette	INFO	Listening on port 58530
1618446411989	Marionette	WARN	TLS certificate errors will be ignored for this session
1618446441666	Marionette	INFO	Stopped listening on port 58530
1618446442692	geckodriver	INFO	Listening on 127.0.0.1:58690
1618446443706	mozrunner::runner	INFO	Running command: "/Applications/Firefox.app/Contents/MacOS/firefox-bin" "--marionette" "-headless" "-foreground" "-no-remote" "-profile" "/var/folders/2n/fcpjb5192pggds1xn7bv9qbm0000gn/T/rust_mozprofile47uhoj"
*** You are running in headless mode.
console.warn: SearchSettings: "get: No settings file exists, new profile?" (new Error("", "(unknown module)"))
1618446445748	Marionette	INFO	Listening on port 58697
1618446445799	Marionette	WARN	TLS certificate errors will be ignored for this session
1618446470838	Marionette	INFO	Stopped listening on port 58697
1618446471938	geckodriver	INFO	Listening on 127.0.0.1:58864
1618446472951	mozrunner::runner	INFO	Running command: "/Applications/Firefox.app/Contents/MacOS/firefox-bin" "--marionette" "-headless" "-foreground" "-no-remote" "-profile" "/var/folders/2n/fcpjb5192pggds1xn7bv9qbm0000gn/T/rust_mozprofiledrF1Xc"
*** You are running in headless mode.
console.warn: SearchSettings: "get: No settings file exists, new profile?" (new Error("", "(unknown module)"))
1618446475163	Marionette	INFO	Listening on port 58872
1618446475255	Marionette	WARN	TLS certificate errors will be ignored for this session
[GFX1-]: Receive IPC close with reason=AbnormalShutdown
Exiting due to channel error.
[GFX1-]: Receive IPC close with reason=AbnormalShutdown
[GFX1-]: Receive IPC close with reason=AbnormalShutdown
Exiting due to channel error.
Exiting due to channel error.
